# JRE version: OpenJDK Runtime Environment (11.0.15) (build 11.0.15+0-b2043.56-9505619)
# Java VM: OpenJDK 64-Bit Server VM (11.0.15+0-b2043.56-9505619, mixed mode, tiered, compressed oops, g1 gc, windows-amd64)
Heap:
 garbage-first heap   total 299008K, used 186467K [0x0000000080000000, 0x0000000100000000)
  region size 1024K, 61 young (62464K), 4 survivors (4096K)
 Metaspace       used 115047K, capacity 118057K, committed 118300K, reserved 1153024K
  class space    used 14283K, capacity 15397K, committed 15512K, reserved 1048576K
GC Heap History (20 events):
Event: 53.862 GC heap before
{Heap before GC invocations=67 (full 0):
 garbage-first heap   total 248832K, used 130633K [0x0000000080000000, 0x0000000100000000)
  region size 1024K, 12 young (12288K), 9 survivors (9216K)
 Metaspace       used 104856K, capacity 107678K, committed 107804K, reserved 1142784K
  class space    used 13343K, capacity 14400K, committed 14488K, reserved 1048576K
}
Event: 53.880 GC heap after
{Heap after GC invocations=68 (full 0):
 garbage-first heap   total 299008K, used 126976K [0x0000000080000000, 0x0000000100000000)
  region size 1024K, 2 young (2048K), 2 survivors (2048K)
 Metaspace       used 104856K, capacity 107678K, committed 107804K, reserved 1142784K
  class space    used 13343K, capacity 14400K, committed 14488K, reserved 1048576K
}
Event: 55.643 GC heap before
{Heap before GC invocations=68 (full 0):
 garbage-first heap   total 299008K, used 214016K [0x0000000080000000, 0x0000000100000000)
  region size 1024K, 80 young (81920K), 2 survivors (2048K)
 Metaspace       used 105217K, capacity 108020K, committed 108316K, reserved 1142784K
  class space    used 13345K, capacity 14402K, committed 14488K, reserved 1048576K
}
Event: 55.676 GC heap after
{Heap after GC invocations=69 (full 0):
 garbage-first heap   total 299008K, used 142194K [0x0000000080000000, 0x0000000100000000)
  region size 1024K, 10 young (10240K), 10 survivors (10240K)
 Metaspace       used 105217K, capacity 108020K, committed 108316K, reserved 1142784K
  class space    used 13345K, capacity 14402K, committed 14488K, reserved 1048576K
}
Event: 55.936 GC heap before
{Heap before GC invocations=69 (full 0):
 garbage-first heap   total 299008K, used 155506K [0x0000000080000000, 0x0000000100000000)
  region size 1024K, 23 young (23552K), 10 survivors (10240K)
 Metaspace       used 105261K, capacity 108085K, committed 108316K, reserved 1142784K
  class space    used 13346K, capacity 14402K, committed 14488K, reserved 1048576K
}
Event: 55.956 GC heap after
{Heap after GC invocations=70 (full 0):
 garbage-first heap   total 299008K, used 149665K [0x0000000080000000, 0x0000000100000000)
  region size 1024K, 6 young (6144K), 6 survivors (6144K)
 Metaspace       used 105261K, capacity 108085K, committed 108316K, reserved 1142784K
  class space    used 13346K, capacity 14402K, committed 14488K, reserved 1048576K
}
Event: 57.429 GC heap before
{Heap before GC invocations=71 (full 0):
 garbage-first heap   total 299008K, used 219297K [0x0000000080000000, 0x0000000100000000)
  region size 1024K, 59 young (60416K), 6 survivors (6144K)
 Metaspace       used 106865K, capacity 109654K, committed 109980K, reserved 1144832K
  class space    used 13483K, capacity 14535K, committed 14616K, reserved 1048576K
}
Event: 57.450 GC heap after
{Heap after GC invocations=72 (full 0):
 garbage-first heap   total 299008K, used 153052K [0x0000000080000000, 0x0000000100000000)
  region size 1024K, 8 young (8192K), 8 survivors (8192K)
 Metaspace       used 106865K, capacity 109654K, committed 109980K, reserved 1144832K
  class space    used 13483K, capacity 14535K, committed 14616K, reserved 1048576K
}
Event: 57.500 GC heap before
{Heap before GC invocations=72 (full 0):
 garbage-first heap   total 299008K, used 158172K [0x0000000080000000, 0x0000000100000000)
  region size 1024K, 14 young (14336K), 8 survivors (8192K)
 Metaspace       used 107006K, capacity 109782K, committed 109980K, reserved 1144832K
  class space    used 13487K, capacity 14535K, committed 14616K, reserved 1048576K
}
Event: 57.510 GC heap after
{Heap after GC invocations=73 (full 0):
 garbage-first heap   total 299008K, used 147947K [0x0000000080000000, 0x0000000100000000)
  region size 1024K, 2 young (2048K), 2 survivors (2048K)
 Metaspace       used 107006K, capacity 109782K, committed 109980K, reserved 1144832K
  class space    used 13487K, capacity 14535K, committed 14616K, reserved 1048576K
}
Event: 57.754 GC heap before
{Heap before GC invocations=73 (full 0):
 garbage-first heap   total 299008K, used 206315K [0x0000000080000000, 0x0000000100000000)
  region size 1024K, 60 young (61440K), 2 survivors (2048K)
 Metaspace       used 107274K, capacity 110170K, committed 110492K, reserved 1144832K
  class space    used 13491K, capacity 14535K, committed 14616K, reserved 1048576K
}
Event: 57.760 GC heap after
{Heap after GC invocations=74 (full 0):
 garbage-first heap   total 299008K, used 148596K [0x0000000080000000, 0x0000000100000000)
  region size 1024K, 3 young (3072K), 3 survivors (3072K)
 Metaspace       used 107274K, capacity 110170K, committed 110492K, reserved 1144832K
  class space    used 13491K, capacity 14535K, committed 14616K, reserved 1048576K
}
Event: 58.817 GC heap before
{Heap before GC invocations=75 (full 0):
 garbage-first heap   total 299008K, used 200820K [0x0000000080000000, 0x0000000100000000)
  region size 1024K, 67 young (68608K), 3 survivors (3072K)
 Metaspace       used 108011K, capacity 110896K, committed 111132K, reserved 1146880K
  class space    used 13537K, capacity 14600K, committed 14744K, reserved 1048576K
}
Event: 58.827 GC heap after
{Heap after GC invocations=76 (full 0):
 garbage-first heap   total 299008K, used 138691K [0x0000000080000000, 0x0000000100000000)
  region size 1024K, 5 young (5120K), 5 survivors (5120K)
 Metaspace       used 108011K, capacity 110896K, committed 111132K, reserved 1146880K
  class space    used 13537K, capacity 14600K, committed 14744K, reserved 1048576K
}
Event: 58.884 GC heap before
{Heap before GC invocations=76 (full 0):
 garbage-first heap   total 299008K, used 146883K [0x0000000080000000, 0x0000000100000000)
  region size 1024K, 14 young (14336K), 5 survivors (5120K)
 Metaspace       used 108040K, capacity 110906K, committed 111132K, reserved 1146880K
  class space    used 13537K, capacity 14600K, committed 14744K, reserved 1048576K
}
Event: 58.911 GC heap after
{Heap after GC invocations=77 (full 0):
 garbage-first heap   total 299008K, used 118805K [0x0000000080000000, 0x0000000100000000)
  region size 1024K, 1 young (1024K), 1 survivors (1024K)
 Metaspace       used 108040K, capacity 110906K, committed 111132K, reserved 1146880K
  class space    used 13537K, capacity 14600K, committed 14744K, reserved 1048576K
}
Event: 64.638 GC heap before
{Heap before GC invocations=77 (full 0):
 garbage-first heap   total 299008K, used 204821K [0x0000000080000000, 0x0000000100000000)
  region size 1024K, 86 young (88064K), 1 survivors (1024K)
 Metaspace       used 110461K, capacity 113402K, committed 113692K, reserved 1148928K
  class space    used 13778K, capacity 14877K, committed 15000K, reserved 1048576K
}
Event: 64.668 GC heap after
{Heap after GC invocations=78 (full 0):
 garbage-first heap   total 299008K, used 127776K [0x0000000080000000, 0x0000000100000000)
  region size 1024K, 10 young (10240K), 10 survivors (10240K)
 Metaspace       used 110461K, capacity 113402K, committed 113692K, reserved 1148928K
  class space    used 13778K, capacity 14877K, committed 15000K, reserved 1048576K
}
Event: 65.354 GC heap before
{Heap before GC invocations=78 (full 0):
 garbage-first heap   total 299008K, used 213792K [0x0000000080000000, 0x0000000100000000)
  region size 1024K, 95 young (97280K), 10 survivors (10240K)
 Metaspace       used 111511K, capacity 114421K, committed 114716K, reserved 1148928K
  class space    used 13870K, capacity 14958K, committed 15000K, reserved 1048576K
}
Event: 65.377 GC heap after
{Heap after GC invocations=79 (full 0):
 garbage-first heap   total 299008K, used 129123K [0x0000000080000000, 0x0000000100000000)
  region size 1024K, 4 young (4096K), 4 survivors (4096K)
 Metaspace       used 111511K, capacity 114421K, committed 114716K, reserved 1148928K
  class space    used 13870K, capacity 14958K, committed 15000K, reserved 1048576K
}

